<?xml version="1.0" encoding="UTF-8"?>
<!-- Generated by org.testng.reporters.JUnitReportReporter -->
<testsuite hostname="DESKTOP-LF8SMFL" failures="0" tests="3" name="testnglearning.Test3" time="0.003" errors="0" timestamp="2023-02-10T00:41:54 IST" skipped="1">
  <testcase classname="testnglearning.Test3" name="douserReg" time="0.001"/>
  <system-out>
    <![CDATA[Capture screenshot]]>
  </system-out>
  <testcase classname="testnglearning.Test3" name="doLogin" time="0.001"/>
  <system-out>
    <![CDATA[Capture screenshot]]>
  </system-out>
  <testcase classname="testnglearning.Test3" name="isSkip" time="0.001">
    <skipped/>
  </testcase> <!-- isSkip -->
  <system-out/>
</testsuite> <!-- testnglearning.Test3 -->
