<?xml version="1.0" encoding="UTF-8"?>
<!-- Generated by org.testng.reporters.JUnitReportReporter -->
<testsuite hostname="DESKTOP-LF8SMFL" failures="0" tests="2" name="testnglearning.TestParameter" time="0.005" errors="0" timestamp="2023-02-15T01:28:46 IST" skipped="0">
  <testcase classname="testnglearning.TestParameter" name="doLogin" time="0.004"/>
  <system-out/>
  <testcase classname="testnglearning.TestParameter" name="doLogin" time="0.001"/>
  <system-out/>
</testsuite> <!-- testnglearning.TestParameter -->
